C51 COMPILER V9.60.0.0   DS1302                                                            04/04/2023 10:09:31 PAGE 1   


C51 COMPILER V9.60.0.0, COMPILATION OF MODULE DS1302
OBJECT MODULE PLACED IN ..\output\ds1302.obj
COMPILER INVOKED BY: D:\software\keil\C51\BIN\C51.EXE ..\sourse\ds1302.c OPTIMIZE(8,SPEED) BROWSE INCDIR(..\sourse) DEBU
                    -G OBJECTEXTEND PRINT(.\Listings\ds1302.lst) TABS(2) OBJECT(..\output\ds1302.obj)

line level    source

   1          #include "head.h"
   2          
   3          unsigned char write_adr [7] = {0x80,0x82,0x84,0x86,0x88,0x8a,0x8c};
   4          unsigned char read_adr [7] = {0x81,0x83,0x85,0x87,0x89,0x8b,0x8d};
   5          
   6          
   7          unsigned char Timer [7] = {0x29,0x59,0x23,0x04,0x03,0x01,0x23};
   8          
   9          void write_ds1302_config()
  10          {
  11   1         unsigned char i;
  12   1         Write_Ds1302_Byte(0x8e,0x00);//打开写入保护
  13   1         for(i = 0;i < 7;i ++)
  14   1         {
  15   2           Write_Ds1302_Byte(write_adr [i],Timer [7]);
  16   2         }
  17   1         Write_Ds1302_Byte(0x8e,0x80);//关闭写入保护
  18   1        
  19   1      }
  20          
  21          
  22          
  23          void read_ds1302_config()
  24          {
  25   1         unsigned char i;
  26   1         for(i = 0; i < 7; i ++)
  27   1         {
  28   2          Timer [i] = Read_Ds1302_Byte(read_adr [i]);
  29   2         }
  30   1      }
  31          
  32          
  33          
  34          
  35          
  36          
  37          
  38          
  39          
  40          
  41          


MODULE INFORMATION:   STATIC OVERLAYABLE
   CODE SIZE        =     80    ----
   CONSTANT SIZE    =   ----    ----
   XDATA SIZE       =   ----    ----
   PDATA SIZE       =   ----    ----
   DATA SIZE        =     21       2
   IDATA SIZE       =   ----    ----
   BIT SIZE         =   ----    ----
END OF MODULE INFORMATION.


C51 COMPILATION COMPLETE.  0 WARNING(S),  0 ERROR(S)
