C51 COMPILER V9.60.0.0   DS1302G                                                           04/04/2023 13:12:21 PAGE 1   


C51 COMPILER V9.60.0.0, COMPILATION OF MODULE DS1302G
OBJECT MODULE PLACED IN ..\ds1302g.obj
COMPILER INVOKED BY: D:\software\keil\C51\BIN\C51.EXE ..\sourse\ds1302g.c OPTIMIZE(8,SPEED) BROWSE INCDIR(..\sourse) DEB
                    -UG OBJECTEXTEND PRINT(.\Listings\ds1302g.lst) TABS(2) OBJECT(..\ds1302g.obj)

line level    source

   1          #include "head.h"
   2          //
   3          void Write_Ds1302(unsigned  char temp) 
   4          {
   5   1        unsigned char i;
   6   1        for (i=0;i<8;i++)       
   7   1        { 
   8   2          SCK = 0;
   9   2          sda = temp&0x01;
  10   2          temp>>=1; 
  11   2          SCK=1;
  12   2        }
  13   1      }   
  14          
  15          //
  16          void Write_Ds1302_Byte( unsigned char address,unsigned char dat )     
  17          {
  18   1        RST=0;  _nop_();
  19   1        SCK=0;  _nop_();
  20   1        RST=1;  _nop_();  
  21   1        Write_Ds1302(address);  
  22   1        Write_Ds1302(dat);    
  23   1        RST=0; 
  24   1      }
  25          
  26          //
  27          unsigned char Read_Ds1302_Byte ( unsigned char address )
  28          {
  29   1        unsigned char i,temp=0x00;
  30   1        RST=0;  _nop_();
  31   1        SCK=0;  _nop_();
  32   1        RST=1;  _nop_();
  33   1        Write_Ds1302(address);
  34   1        for (i=0;i<8;i++)   
  35   1        {   
  36   2          SCK=0;
  37   2          temp>>=1; 
  38   2          if(sda)
  39   2          temp|=0x80; 
  40   2          SCK=1;
  41   2        } 
  42   1        RST=0;  _nop_();
  43   1        SCK=0;  _nop_();
  44   1        SCK=1;  _nop_();
  45   1        sda=0;  _nop_();
  46   1        sda=1;  _nop_();
  47   1        return (temp);      
  48   1      }


MODULE INFORMATION:   STATIC OVERLAYABLE
   CODE SIZE        =    109    ----
   CONSTANT SIZE    =   ----    ----
   XDATA SIZE       =   ----    ----
C51 COMPILER V9.60.0.0   DS1302G                                                           04/04/2023 13:12:21 PAGE 2   

   PDATA SIZE       =   ----    ----
   DATA SIZE        =   ----    ----
   IDATA SIZE       =   ----    ----
   BIT SIZE         =   ----    ----
END OF MODULE INFORMATION.


C51 COMPILATION COMPLETE.  0 WARNING(S),  0 ERROR(S)
