C51 COMPILER V9.60.0.0   DS1302                                                            04/04/2023 13:12:21 PAGE 1   


C51 COMPILER V9.60.0.0, COMPILATION OF MODULE DS1302
OBJECT MODULE PLACED IN ..\ds1302.obj
COMPILER INVOKED BY: D:\software\keil\C51\BIN\C51.EXE ..\sourse\ds1302.c OPTIMIZE(8,SPEED) BROWSE INCDIR(..\sourse) DEBU
                    -G OBJECTEXTEND PRINT(.\Listings\ds1302.lst) TABS(2) OBJECT(..\ds1302.obj)

line level    source

   1          #include "head.h"
   2          
   3          unsigned char Write_adr[7] = {0x80,0x82,0x84,0x86,0x88,0x8a,0x8c};
   4          unsigned char Read_adr[7] = {0x81,0x83,0x85,0x87,0x89,0x8b,0x8d};
   5          
   6          unsigned char Timer[7] = {0x29,0x29,0x10,0x01,0x01,0x01,0x21};
   7          
   8          
   9          void Write_ds1302_config()
  10          {
  11   1        unsigned char i;
  12   1        
  13   1        Write_Ds1302_Byte(0x8e,0x00);
  14   1        
  15   1        for(i=0;i<7;i++)
  16   1        {
  17   2          Write_Ds1302_Byte(Write_adr[i],Timer[i]); 
  18   2        }
  19   1          Write_Ds1302_Byte(0x8e,0x80);
  20   1        
  21   1        
  22   1        
  23   1      }
  24          
  25          
  26          
  27          void Read_ds1302_config()
  28          {
  29   1        unsigned char i;
  30   1        
  31   1      
  32   1        
  33   1        for(i=0;i<7;i++)
  34   1        {
  35   2          Timer[i] = Read_Ds1302_Byte (Read_adr[i]);
  36   2        }
  37   1      
  38   1      
  39   1        
  40   1      }


MODULE INFORMATION:   STATIC OVERLAYABLE
   CODE SIZE        =     85    ----
   CONSTANT SIZE    =   ----    ----
   XDATA SIZE       =   ----    ----
   PDATA SIZE       =   ----    ----
   DATA SIZE        =     21       2
   IDATA SIZE       =   ----    ----
   BIT SIZE         =   ----    ----
END OF MODULE INFORMATION.


C51 COMPILATION COMPLETE.  0 WARNING(S),  0 ERROR(S)
