C51 COMPILER V9.60.0.0   MAIN                                                              04/04/2023 13:13:40 PAGE 1   


C51 COMPILER V9.60.0.0, COMPILATION OF MODULE MAIN
OBJECT MODULE PLACED IN ..\main.obj
COMPILER INVOKED BY: D:\software\keil\C51\BIN\C51.EXE ..\sourse\main.c OPTIMIZE(8,SPEED) BROWSE INCDIR(..\sourse) DEBUG 
                    -OBJECTEXTEND PRINT(.\Listings\main.lst) TABS(2) OBJECT(..\main.obj)

line level    source

   1          #include "head.h"
   2          
   3          
   4          
   5          void main()
   6          {
   7   1        Write_ds1302_config();
   8   1        Timer0Init();
   9   1          
  10   1        while(1)
  11   1        {
  12   2          Read_ds1302_config();
  13   2      //    ds18b20_config();
  14   2        }
  15   1      
  16   1      }
  17          
  18          
  19          
  20          
  21          


MODULE INFORMATION:   STATIC OVERLAYABLE
   CODE SIZE        =     11    ----
   CONSTANT SIZE    =   ----    ----
   XDATA SIZE       =   ----    ----
   PDATA SIZE       =   ----    ----
   DATA SIZE        =   ----    ----
   IDATA SIZE       =   ----    ----
   BIT SIZE         =   ----    ----
END OF MODULE INFORMATION.


C51 COMPILATION COMPLETE.  0 WARNING(S),  0 ERROR(S)
